17:20:26.293 [AWT-EventQueue-0] ERROR - Error createModelToList {}
java.lang.Exception: El logo no ha sido sido seleccionado
	at com.generador_cotizacion.controller.GeneradorController.createModelToList(GeneradorController.java:69) ~[bin/:?]
	at com.generador_cotizacion.controller.GeneradorController.createCotizacion(GeneradorController.java:63) ~[bin/:?]
	at com.generador_cotizacion.controller.GeneradorController.actionPerformed(GeneradorController.java:52) ~[bin/:?]
	at javax.swing.AbstractButton.fireActionPerformed(AbstractButton.java:1967) ~[?:?]
	at javax.swing.AbstractButton$Handler.actionPerformed(AbstractButton.java:2308) ~[?:?]
	at javax.swing.DefaultButtonModel.fireActionPerformed(DefaultButtonModel.java:405) ~[?:?]
	at javax.swing.DefaultButtonModel.setPressed(DefaultButtonModel.java:262) ~[?:?]
	at javax.swing.plaf.basic.BasicButtonListener.mouseReleased(BasicButtonListener.java:279) ~[?:?]
	at java.awt.Component.processMouseEvent(Component.java:6635) ~[?:?]
	at javax.swing.JComponent.processMouseEvent(JComponent.java:3342) ~[?:?]
	at java.awt.Component.processEvent(Component.java:6400) ~[?:?]
	at java.awt.Container.processEvent(Container.java:2263) ~[?:?]
	at java.awt.Component.dispatchEventImpl(Component.java:5011) ~[?:?]
	at java.awt.Container.dispatchEventImpl(Container.java:2321) ~[?:?]
	at java.awt.Component.dispatchEvent(Component.java:4843) ~[?:?]
	at java.awt.LightweightDispatcher.retargetMouseEvent(Container.java:4918) ~[?:?]
	at java.awt.LightweightDispatcher.processMouseEvent(Container.java:4547) ~[?:?]
	at java.awt.LightweightDispatcher.dispatchEvent(Container.java:4488) ~[?:?]
	at java.awt.Container.dispatchEventImpl(Container.java:2307) ~[?:?]
	at java.awt.Window.dispatchEventImpl(Window.java:2772) ~[?:?]
	at java.awt.Component.dispatchEvent(Component.java:4843) ~[?:?]
	at java.awt.EventQueue.dispatchEventImpl(EventQueue.java:772) ~[?:?]
	at java.awt.EventQueue$4.run(EventQueue.java:721) ~[?:?]
	at java.awt.EventQueue$4.run(EventQueue.java:715) ~[?:?]
	at java.security.AccessController.doPrivileged(Native Method) ~[?:?]
	at java.security.ProtectionDomain$JavaSecurityAccessImpl.doIntersectionPrivilege(ProtectionDomain.java:85) ~[?:?]
	at java.security.ProtectionDomain$JavaSecurityAccessImpl.doIntersectionPrivilege(ProtectionDomain.java:95) ~[?:?]
	at java.awt.EventQueue$5.run(EventQueue.java:745) ~[?:?]
	at java.awt.EventQueue$5.run(EventQueue.java:743) ~[?:?]
	at java.security.AccessController.doPrivileged(Native Method) ~[?:?]
	at java.security.ProtectionDomain$JavaSecurityAccessImpl.doIntersectionPrivilege(ProtectionDomain.java:85) ~[?:?]
	at java.awt.EventQueue.dispatchEvent(EventQueue.java:742) ~[?:?]
	at java.awt.EventDispatchThread.pumpOneEventForFilters(EventDispatchThread.java:203) ~[?:?]
	at java.awt.EventDispatchThread.pumpEventsForFilter(EventDispatchThread.java:124) ~[?:?]
	at java.awt.EventDispatchThread.pumpEventsForHierarchy(EventDispatchThread.java:113) ~[?:?]
	at java.awt.EventDispatchThread.pumpEvents(EventDispatchThread.java:109) ~[?:?]
	at java.awt.EventDispatchThread.pumpEvents(EventDispatchThread.java:101) ~[?:?]
	at java.awt.EventDispatchThread.run(EventDispatchThread.java:90) ~[?:?]
